<?xml version="1.0" encoding="UTF-8"?>
<testsuites name="jest tests" tests="2" failures="0" time="3.847">
  <testsuite name="stateSelect" errors="0" failures="0" skipped="0" timestamp="2019-04-07T20:27:19" time="1.899" tests="2">
    <testcase classname="stateSelect returns a method" name="stateSelect returns a method" time="0.004">
    </testcase>
    <testcase classname="stateSelect constructed method accepts state and ownProps to be used in selectors" name="stateSelect constructed method accepts state and ownProps to be used in selectors" time="0.002">
    </testcase>
  </testsuite>
</testsuites>